2011-02-20 22:35:47 Notice: Notice (1024): Please change the value of 'Security.salt' in app/config/core.php to a salt value specific to your application in [/Applications/MAMP/htdocs/cake/libs/debugger.php, line 682]
2011-02-20 22:38:07 Notice: Notice (1024): Please change the value of 'Security.salt' in app/config/core.php to a salt value specific to your application in [/Applications/MAMP/htdocs/cake/libs/debugger.php, line 682]
2011-02-20 22:38:30 Notice: Notice (1024): Please change the value of 'Security.salt' in app/config/core.php to a salt value specific to your application in [/Applications/MAMP/htdocs/cake/libs/debugger.php, line 682]
2011-02-20 22:38:30 Notice: Notice (8): Undefined variable: facebook in [/Applications/MAMP/htdocs/app/views/layouts/default.ctp, line 1]
2011-02-20 22:38:58 Notice: Notice (1024): Please change the value of 'Security.salt' in app/config/core.php to a salt value specific to your application in [/Applications/MAMP/htdocs/cake/libs/debugger.php, line 682]
2011-02-20 22:38:58 Notice: Notice (8): Undefined variable: facebook in [/Applications/MAMP/htdocs/app/views/layouts/default.ctp, line 1]
2011-02-20 22:39:01 Notice: Notice (1024): Please change the value of 'Security.salt' in app/config/core.php to a salt value specific to your application in [/Applications/MAMP/htdocs/cake/libs/debugger.php, line 682]
2011-02-20 22:39:01 Notice: Notice (8): Undefined variable: facebook in [/Applications/MAMP/htdocs/app/views/layouts/default.ctp, line 1]
2011-02-20 22:39:31 Notice: Notice (1024): Please change the value of 'Security.salt' in app/config/core.php to a salt value specific to your application in [/Applications/MAMP/htdocs/cake/libs/debugger.php, line 682]
2011-02-20 22:39:31 Notice: Notice (8): Undefined variable: facebook in [/Applications/MAMP/htdocs/app/views/layouts/default.ctp, line 1]
2011-02-20 22:39:32 Notice: Notice (1024): Please change the value of 'Security.salt' in app/config/core.php to a salt value specific to your application in [/Applications/MAMP/htdocs/cake/libs/debugger.php, line 682]
2011-02-20 22:39:32 Notice: Notice (8): Undefined variable: facebook in [/Applications/MAMP/htdocs/app/views/layouts/default.ctp, line 1]
2011-02-20 22:39:56 Notice: Notice (1024): Please change the value of 'Security.salt' in app/config/core.php to a salt value specific to your application in [/Applications/MAMP/htdocs/cake/libs/debugger.php, line 682]
2011-02-20 22:39:58 Notice: Notice (1024): Please change the value of 'Security.salt' in app/config/core.php to a salt value specific to your application in [/Applications/MAMP/htdocs/cake/libs/debugger.php, line 682]
2011-02-20 22:40:13 Notice: Notice (1024): Please change the value of 'Security.salt' in app/config/core.php to a salt value specific to your application in [/Applications/MAMP/htdocs/cake/libs/debugger.php, line 682]
2011-02-20 22:40:15 Notice: Notice (1024): Please change the value of 'Security.salt' in app/config/core.php to a salt value specific to your application in [/Applications/MAMP/htdocs/cake/libs/debugger.php, line 682]
2011-02-20 22:40:38 Notice: Notice (1024): Please change the value of 'Security.salt' in app/config/core.php to a salt value specific to your application in [/Applications/MAMP/htdocs/cake/libs/debugger.php, line 682]
2011-02-20 22:40:40 Notice: Notice (1024): Please change the value of 'Security.salt' in app/config/core.php to a salt value specific to your application in [/Applications/MAMP/htdocs/cake/libs/debugger.php, line 682]
2011-02-20 22:40:46 Notice: Notice (1024): Please change the value of 'Security.salt' in app/config/core.php to a salt value specific to your application in [/Applications/MAMP/htdocs/cake/libs/debugger.php, line 682]
2011-02-20 22:41:16 Notice: Notice (1024): Please change the value of 'Security.salt' in app/config/core.php to a salt value specific to your application in [/Applications/MAMP/htdocs/cake/libs/debugger.php, line 682]
2011-02-20 22:42:41 Notice: Notice (1024): Please change the value of 'Security.salt' in app/config/core.php to a salt value specific to your application in [/Applications/MAMP/htdocs/cake/libs/debugger.php, line 682]
2011-02-20 22:42:51 Notice: Notice (1024): Please change the value of 'Security.salt' in app/config/core.php to a salt value specific to your application in [/Applications/MAMP/htdocs/cake/libs/debugger.php, line 682]
2011-02-20 22:43:22 Notice: Notice (1024): Please change the value of 'Security.salt' in app/config/core.php to a salt value specific to your application in [/Applications/MAMP/htdocs/cake/libs/debugger.php, line 682]
2011-02-20 22:43:25 Notice: Notice (1024): Please change the value of 'Security.salt' in app/config/core.php to a salt value specific to your application in [/Applications/MAMP/htdocs/cake/libs/debugger.php, line 682]
2011-02-20 23:05:45 Notice: Notice (8): Undefined property: View::$Facebook in [/Applications/MAMP/htdocs/app/views/layouts/default.ctp, line 6]
2011-02-20 23:25:22 Notice: Notice (8): Undefined variable: facebook in [/Applications/MAMP/htdocs/app/views/layouts/default.ctp, line 1]
2011-02-20 23:25:25 Notice: Notice (8): Undefined variable: facebook in [/Applications/MAMP/htdocs/app/views/layouts/default.ctp, line 1]
2011-02-20 23:25:28 Notice: Notice (8): Undefined variable: facebook in [/Applications/MAMP/htdocs/app/views/layouts/default.ctp, line 1]
2011-02-23 22:16:59 Notice: Notice (8): Undefined property: PagesController::$Auth in [/Applications/MAMP/htdocs/app/controllers/pages_controller.php, line 9]
2011-02-23 22:18:58 Notice: Notice (8): Undefined property: View::$Facebook in [/Applications/MAMP/htdocs/app/views/pages/display.ctp, line 1]
2011-02-23 22:20:40 Notice: Notice (8): Undefined variable: Facebook in [/Applications/MAMP/htdocs/app/views/pages/display.ctp, line 1]
